<?xml version="1.0" encoding="UTF-8"?>
<!-- Generated by org.testng.reporters.JUnitReportReporter -->
<testsuite hostname="beehyv-desktop" name="beehyv.alacriti.tests.SimpleWebFilterTest" tests="1" failures="0" timestamp="6 Aug 2016 06:38:27 GMT" time="103.916" errors="0">
  <testcase name="test" time="103.916" classname="beehyv.alacriti.tests.SimpleWebFilterTest"/>
</testsuite> <!-- beehyv.alacriti.tests.SimpleWebFilterTest -->
