<?xml version="1.0" encoding="UTF-8"?>
<!-- Generated by org.testng.reporters.JUnitReportReporter -->
<testsuite hostname="beehyv-desktop" name="beehyv.alacriti.Homepage_test" tests="1" failures="0" timestamp="2 Aug 2016 08:06:58 GMT" time="0.005" errors="0">
  <testcase name="homepagetest" time="0.005" classname="beehyv.alacriti.Homepage_test"/>
</testsuite> <!-- beehyv.alacriti.Homepage_test -->
