<?xml version="1.0" encoding="UTF-8"?>
<!-- Generated by org.testng.reporters.JUnitReportReporter -->
<testsuite hostname="beehyv-desktop" name="beehyv.alacriti.tests.WebPortalFilterTest" tests="1" failures="0" timestamp="6 Aug 2016 06:28:44 GMT" time="103.996" errors="0">
  <testcase name="test" time="103.996" classname="beehyv.alacriti.tests.WebPortalFilterTest"/>
</testsuite> <!-- beehyv.alacriti.tests.WebPortalFilterTest -->
