<?xml version="1.0" encoding="UTF-8"?>
<!-- Generated by org.testng.reporters.JUnitReportReporter -->
<testsuite hostname="beehyv-desktop" name="beehyv.alacriti.tests.Bank" tests="1" failures="0" timestamp="8 Aug 2016 09:25:05 GMT" time="103.642" errors="0">
  <testcase name="test" time="103.642" classname="beehyv.alacriti.tests.Bank"/>
</testsuite> <!-- beehyv.alacriti.tests.Bank -->
