<?xml version="1.0" encoding="UTF-8"?>
<!-- Generated by org.testng.reporters.JUnitReportReporter -->
<testsuite hostname="beehyv-desktop" name="beehyv.alacriti.tests.HomepageTest" tests="1" failures="0" timestamp="6 Aug 2016 05:14:59 GMT" time="52.085" errors="0">
  <testcase name="homepagetest" time="52.085" classname="beehyv.alacriti.tests.HomepageTest"/>
</testsuite> <!-- beehyv.alacriti.tests.HomepageTest -->
